Studio project/Games/missing_Letter/build/outputs/mapping/release/seeds.txt
com.example.missingletter.R$anim: int abc_fade_in
com.example.missingletter.R$anim: int abc_fade_out
com.example.missingletter.R$anim: int abc_grow_fade_in_from_bottom
com.example.missingletter.R$anim: int abc_popup_enter
com.example.missingletter.R$anim: int abc_popup_exit
com.example.missingletter.R$anim: int abc_shrink_fade_out_from_bottom
com.example.missingletter.R$anim: int abc_slide_in_bottom
com.example.missingletter.R$anim: int abc_slide_in_top
com.example.missingletter.R$anim: int abc_slide_out_bottom
com.example.missingletter.R$anim: int abc_slide_out_top
com.example.missingletter.R$anim: int fadein
com.example.missingletter.R$anim: int transition10
com.example.missingletter.R$anim: int transition4
com.example.missingletter.R$anim: int transition5
com.example.missingletter.R$anim: int transition7
com.example.missingletter.R$anim: int transition8
com.example.missingletter.R$anim: int transition9
com.example.missingletter.R$attr: int actionBarDivider
com.example.missingletter.R$attr: int actionBarItemBackground
com.example.missingletter.R$attr: int actionBarPopupTheme
com.example.missingletter.R$attr: int actionBarSize
com.example.missingletter.R$attr: int actionBarSplitStyle
com.example.missingletter.R$attr: int actionBarStyle
com.example.missingletter.R$attr: int actionBarTabBarStyle
com.example.missingletter.R$attr: int actionBarTabStyle
com.example.missingletter.R$attr: int actionBarTabTextStyle
com.example.missingletter.R$attr: int actionBarTheme
com.example.missingletter.R$attr: int actionBarWidgetTheme
com.example.missingletter.R$attr: int actionButtonStyle
com.example.missingletter.R$attr: int actionDropDownStyle
com.example.missingletter.R$attr: int actionLayout
com.example.missingletter.R$attr: int actionMenuTextAppearance
com.example.missingletter.R$attr: int actionMenuTextColor
com.example.missingletter.R$attr: int actionModeBackground
com.example.missingletter.R$attr: int actionModeCloseButtonStyle
com.example.missingletter.R$attr: int actionModeCloseDrawable
com.example.missingletter.R$attr: int actionModeCopyDrawable
com.example.missingletter.R$attr: int actionModeCutDrawable
com.example.missingletter.R$attr: int actionModeFindDrawable
com.example.missingletter.R$attr: int actionModePasteDrawable
com.example.missingletter.R$attr: int actionModePopupWindowStyle
com.example.missingletter.R$attr: int actionModeSelectAllDrawable
com.example.missingletter.R$bool: int abc_action_bar_embed_tabs
com.example.missingletter.R$bool: int abc_allow_stacked_button_bar
com.example.missingletter.R$bool: int abc_config_actionMenuItemAllCaps
com.example.missingletter.R$bool: int abc_config_closeDialogWhenTouchOutside
com.example.missingletter.R$bool: int abc_config_showMenuShortcutsWhenKeyboardPresent
...
xware.engine_lib.interfaces.StateListener
xware.engine_lib.interfaces.StateListener: void transRecieved(xware.engine_lib.xml.StateEvent)
xware.engine_lib.sensors.Accelerometer
xware.engine_lib.sensors.Accelerometer: android.hardware.Sensor accelerometerSensor
xware.engine_lib.sensors.Accelerometer: android.hardware.SensorManager manager
xware.engine_lib.sensors.Accelerometer: long last_update
xware.engine_lib.sensors.Accelerometer: float xMin
xware.engine_lib.sensors.Accelerometer: float yMin
xware.engine_lib.sensors.Accelerometer: float xMax
xware.engine_lib.sensors.Accelerometer: float yMax
xware.engine_lib.sensors.Accelerometer: float lastX
xware.engine_lib.sensors.Accelerometer: float lastY
xware.engine_lib.sensors.Accelerometer: Accelerometer(android.content.Context,float,float,float)
xware.engine_lib.sensors.Accelerometer: void onAccuracyChanged(android.hardware.Sensor,int)
xware.engine_lib.sensors.Accelerometer: void onSensorChanged(android.hardware.SensorEvent)
xware.engine_lib.sensors.Accelerometer: void onZGoodLeft()
xware.engine_lib.sensors.Accelerometer: void onZGoodRight()
xware.engine_lib.sensors.Accelerometer: void onZHugeRight()
xware.engine_lib.sensors.Accelerometer: void onZHugeLeft()
xware.engine_lib.sensors.Accelerometer: void onYGoodLeft()
xware.engine_lib.sensors.Accelerometer: void onYGoodRight()
xware.engine_lib.sensors.Accelerometer: void onYHugeRight()
xware.engine_lib.sensors.Accelerometer: void onYHugeLeft()
xware.engine_lib.sensors.Accelerometer: void onXGoodLeft()
xware.engine_lib.sensors.Accelerometer: void onXGoodRight()
xware.engine_lib.sound.HeadPhone
xware.engine_lib.sound.HeadPhone: float leftLevel
xware.engine_lib.sound.HeadPhone: float rightLevel
xware.engine_lib.sound.HeadPhone: android.media.MediaPlayer mediaPlayer
xware.engine_lib.sound.HeadPhone: android.content.Context context
xware.engine_lib.sound.HeadPhone: int currentPosition
xware.engine_lib.sound.HeadPhone: int currentPosition2
xware.engine_lib.sound.HeadPhone: int totalTime
xware.engine_lib.sound.HeadPhone: boolean isDefaulConstructorCalled
xware.engine_lib.sound.HeadPhone: boolean isReleased
xware.engine_lib.sound.HeadPhone: HeadPhone(android.content.Context)
xware.engine_lib.sound.HeadPhone: HeadPhone(android.content.Context,int)
xware.engine_lib.sound.HeadPhone: void play(java.lang.String,int)
xware.engine_lib.sound.HeadPhone: void playLeftToRight()
xware.engine_lib.sound.HeadPhone: void playRightToLeft()
xware.engine_lib.sound.HeadPhone: void playLoop()
xware.engine_lib.sound.HeadPhone: void playOnce()
xware.engine_lib.sound.HeadPhone: java.lang.Boolean detectHeadPhones()
xware.engine_lib.sound.HeadPhone: void stopCurrentPlay()
xware.engine_lib.sound.HeadPhone: void setLeftLevel(float)
xware.engine_lib.sound.HeadPhone: void setRightLevel(float)
xware.engine_lib.sound.HeadPhone: boolean isPlaying()
xware.engine_lib.sound.HeadPhone: void release()
xware.engine_lib.sound.HeadPhone: boolean onError(android.media.MediaPlayer,int,int)
xware.engine_lib.sound.HeadPhone: void onCompletion(android.media.MediaPlayer)
xware.engine_lib.speech.SpeechRecognition
xware.engine_lib.speech.SpeechRecognition: xware.engine_lib.speech.SpeechRecognition instance
xware.engine_lib.speech.SpeechRecognition: android.content.Intent listenIntent
xware.engine_lib.speech.SpeechRecognition: int maxWords
xware.engine_lib.speech.SpeechRecognition: java.lang.String message
xware.engine_lib.speech.SpeechRecognition: java.lang.String language
xware.engine_lib.speech.SpeechRecognition: SpeechRecognition()
xware.engine_lib.speech.SpeechRecognition: xware.engine_lib.speech.SpeechRecognition getInstance()
xware.engine_lib.speech.SpeechRecognition: void initRecognition(int,java.lang.String,java.lang.String)
xware.engine_lib.speech.SpeechRecognition: android.content.Intent getListenIntent()
xware.engine_lib.speech.SpeechRecognition: void <clinit>()