Studio project/Games/missing_Letter/build/outputs/mapping/release/mapping.txt
com.example.missingletter.S0 -> com.example.missingletter.S0:
    void <init>() -> <init>
    void onStateEntry(android.widget.LinearLayout,android.content.Intent,android.content.Context,xware.engine_lib.sound.HeadPhone) -> onStateEntry
    android.content.Intent loopBack(android.content.Context,android.content.Intent,xware.engine_lib.sound.HeadPhone) -> loopBack
    void onStateExit(android.content.Context,android.content.Intent,xware.engine_lib.sound.HeadPhone) -> onStateExit
com.example.missingletter.S1 -> com.example.missingletter.S1:
    java.lang.String[] words -> words
    xware.engine_lib.sound.HeadPhone pre -> pre
    java.util.Timer timer -> timer
    android.graphics.drawable.shapes.OvalShape timeoOv -> timeoOv
    android.graphics.drawable.ShapeDrawable timeBg -> timeBg
    int time -> time
    android.widget.TextView showTime -> showTime
    android.content.Context context -> context
    android.widget.LinearLayout layout3 -> layout3
    xware.engine_lib.sound.HeadPhone Hc -> Hc
    int stringIndex -> stringIndex
    java.lang.String word -> word
    int letterposition -> letterposition
    char letter -> letter
    android.widget.TextView firstLetter -> firstLetter
    android.widget.TextView secondLetter -> secondLetter
    android.widget.TextView thirdLetter -> thirdLetter
    android.widget.TextView forthLetter -> forthLetter
    android.widget.TextView speechWord -> speechWord
    android.widget.LinearLayout layout -> layout
    java.lang.String clickedLetter -> clickedLetter
    android.widget.LinearLayout layout2 -> layout2
    char[] arr -> arr
    boolean flag -> flag
    int successNum -> successNum
    java.text.Collator myArabicCollator -> myArabicCollator
    void <init>() -> <init>
    void onStateEntry(android.widget.LinearLayout,android.content.Intent,android.content.Context,xware.engine_lib.sound.HeadPhone) -> onStateEntry
com.example.missingletter.S1$1 -> com.example.missingletter.a:
    android.content.Context val$c -> a
    android.content.Intent val$I -> b
    com.example.missingletter.S1 this$0 -> c
    void <init>(com.example.missingletter.S1,android.content.Context,android.content.Intent) -> <init>
    void onClick(android.view.View) -> onClick
com.example.missingletter.S1$2 -> com.example.missingletter.b:
    android.content.Context val$c -> a
    android.content.Intent val$I -> b
    com.example.missingletter.S1 this$0 -> c
    void <init>(com.example.missingletter.S1,android.content.Context,android.content.Intent) -> <init>
    void onClick(android.view.View) -> onClick
com.example.missingletter.S1$3 -> com.example.missingletter.c:
    android.content.Context val$c -> a
    android.content.Intent val$I -> b
    com.example.missingletter.S1 this$0 -> c
    void <init>(com.example.missingletter.S1,android.content.Context,android.content.Intent) -> <init>
    void onClick(android.view.View) -> onClick
com.example.missingletter.S1$4 -> com.example.missingletter.d:
    android.content.Context val$c -> a
    android.content.Intent val$I -> b
    com.example.missingletter.S1 this$0 -> c
    void <init>(com.example.missingletter.S1,android.content.Context,android.content.Intent) -> <init>
    void onClick(android.view.View) -> onClick
com.example.missingletter.S1$RemindTask -> com.example.missingletter.e:
    android.content.Intent I -> a
    com.example.missingletter.S1 this$0 -> b
    void <init>(com.example.missingletter.S1,android.content.Intent) -> <init>
    void run() -> run
com.example.missingletter.S1$RemindTask$1 -> com.example.missingletter.f:
    int val$gameTime -> a
    com.example.missingletter.S1$RemindTask this$1 -> b
    void <init>(com.example.missingletter.S1$RemindTask,int) -> <init>
    void run() -> run
...
android.support.v4.view.accessibility.AccessibilityEventCompat$AccessibilityEventJellyBeanImpl -> android.support.v4.f.a.c:
    void <init>() -> <init>
android.support.v4.view.accessibility.AccessibilityEventCompat$AccessibilityEventKitKatImpl -> android.support.v4.f.a.d:
    void <init>() -> <init>
android.support.v4.view.accessibility.AccessibilityEventCompat$AccessibilityEventStubImpl -> android.support.v4.f.a.e:
    void <init>() -> <init>
android.support.v4.view.accessibility.AccessibilityEventCompat$AccessibilityEventVersionImpl -> android.support.v4.f.a.f:
android.support.v4.view.accessibility.AccessibilityNodeInfoCompat -> android.support.v4.f.a.g:
    android.support.v4.view.accessibility.AccessibilityNodeInfoCompat$AccessibilityNodeInfoImpl IMPL -> a
    java.lang.Object mInfo -> b
    void <init>(java.lang.Object) -> <init>
    void addAction(int) -> a
    int hashCode() -> hashCode
    boolean equals(java.lang.Object) -> equals
    java.lang.String toString() -> toString
    void <clinit>() -> <clinit>
android.support.v4.view.accessibility.AccessibilityNodeInfoCompat$AccessibilityNodeInfoApi21Impl -> android.support.v4.f.a.h:
    void <init>() -> <init>
android.support.v4.view.accessibility.AccessibilityNodeInfoCompat$AccessibilityNodeInfoApi22Impl -> android.support.v4.f.a.i:
    void <init>() -> <init>
android.support.v4.view.accessibility.AccessibilityNodeInfoCompat$AccessibilityNodeInfoApi23Impl -> android.support.v4.f.a.j:
    void <init>() -> <init>
android.support.v4.view.accessibility.AccessibilityNodeInfoCompat$AccessibilityNodeInfoApi24Impl -> android.support.v4.f.a.k:
    void <init>() -> <init>
android.support.v4.view.accessibility.AccessibilityNodeInfoCompat$AccessibilityNodeInfoIcsImpl -> android.support.v4.f.a.l:
    void <init>() -> <init>
    void addAction(java.lang.Object,int) -> a
    int getActions(java.lang.Object) -> a
    void getBoundsInParent(java.lang.Object,android.graphics.Rect) -> a
    void getBoundsInScreen(java.lang.Object,android.graphics.Rect) -> b
    java.lang.CharSequence getClassName(java.lang.Object) -> b
    java.lang.CharSequence getContentDescription(java.lang.Object) -> c
    java.lang.CharSequence getPackageName(java.lang.Object) -> d
    java.lang.CharSequence getText(java.lang.Object) -> e
    boolean isCheckable(java.lang.Object) -> f
    boolean isChecked(java.lang.Object) -> g
    boolean isClickable(java.lang.Object) -> h
    boolean isEnabled(java.lang.Object) -> i
    boolean isFocusable(java.lang.Object) -> j
    boolean isFocused(java.lang.Object) -> k
    boolean isLongClickable(java.lang.Object) -> l
    boolean isPassword(java.lang.Object) -> m
    boolean isScrollable(java.lang.Object) -> n
    boolean isSelected(java.lang.Object) -> o
    void setClassName(java.lang.Object,java.lang.CharSequence) -> a
    void setScrollable$4cfd3ce3(java.lang.Object) -> p