Studio project/Games/missing_Letter/build/outputs/mapping/release/usage.txt
com.example.missingletter.BuildConfig
com.example.missingletter.R
com.example.missingletter.R$anim
com.example.missingletter.R$attr
com.example.missingletter.R$bool
com.example.missingletter.R$color
com.example.missingletter.R$dimen
com.example.missingletter.R$drawable
com.example.missingletter.R$id
com.example.missingletter.R$integer
com.example.missingletter.R$layout
com.example.missingletter.R$menu
com.example.missingletter.R$string
com.example.missingletter.R$style
com.example.missingletter.R$styleable
...
android.support.v4.os.BuildCompat:
    28:29:private BuildCompat()
    46:46:public static boolean isAtLeastNMR1()
android.support.v4.os.CancellationSignal
android.support.v4.os.CancellationSignal$OnCancelListener
android.support.v4.os.CancellationSignalCompatJellybean
android.support.v4.os.EnvironmentCompat
android.support.v4.os.EnvironmentCompatKitKat
android.support.v4.os.IResultReceiver
android.support.v4.os.IResultReceiver$Stub
android.support.v4.os.IResultReceiver$Stub$Proxy
android.support.v4.os.OperationCanceledException
android.support.v4.os.ParcelableCompat:
    60:60:private ParcelableCompat()
android.support.v4.os.ParcelableCompatCreatorHoneycombMR2Stub:
    22:22:ParcelableCompatCreatorHoneycombMR2Stub()
android.support.v4.os.ResultReceiver
android.support.v4.os.ResultReceiver$1
android.support.v4.os.ResultReceiver$MyResultReceiver
android.support.v4.os.ResultReceiver$MyRunnable
android.support.v4.os.TraceCompat
android.support.v4.os.TraceJellybeanMR2
android.support.v4.os.UserManagerCompat
android.support.v4.os.UserManagerCompatApi24
android.support.v4.print.PrintHelper
android.support.v4.print.PrintHelper$1
android.support.v4.print.PrintHelper$OnPrintFinishCallback
android.support.v4.print.PrintHelper$PrintHelperApi20Impl
android.support.v4.print.PrintHelper$PrintHelperApi23Impl
android.support.v4.print.PrintHelper$PrintHelperApi24Impl
android.support.v4.print.PrintHelper$PrintHelperImpl
android.support.v4.print.PrintHelper$PrintHelperImpl$1
android.support.v4.print.PrintHelper$PrintHelperImpl$2
android.support.v4.print.PrintHelper$PrintHelperKitkatImpl
android.support.v4.print.PrintHelper$PrintHelperStubImpl
android.support.v4.print.PrintHelper$PrintHelperVersionImpl
android.support.v4.print.PrintHelperApi20
android.support.v4.print.PrintHelperApi23
android.support.v4.print.PrintHelperApi24
android.support.v4.print.PrintHelperKitkat
android.support.v4.print.PrintHelperKitkat$1
android.support.v4.print.PrintHelperKitkat$2
android.support.v4.print.PrintHelperKitkat$3
android.support.v4.print.PrintHelperKitkat$3$1
android.support.v4.print.PrintHelperKitkat$3$1$1
android.support.v4.print.PrintHelperKitkat$OnPrintFinishCallback
android.support.v4.provider.DocumentFile
android.support.v4.provider.DocumentsContractApi19
android.support.v4.provider.DocumentsContractApi21
android.support.v4.provider.RawDocumentFile
android.support.v4.provider.SingleDocumentFile
android.support.v4.provider.TreeDocumentFile
android.support.v4.text.BidiFormatter
android.support.v4.text.BidiFormatter$1
android.support.v4.text.BidiFormatter$Builder
android.support.v4.text.BidiFormatter$DirectionalityEstimator
android.support.v4.text.ICUCompat
android.support.v4.text.ICUCompat$ICUCompatImpl
android.support.v4.text.ICUCompat$ICUCompatImplBase
android.support.v4.text.ICUCompat$ICUCompatImplIcs
android.support.v4.text.ICUCompat$ICUCompatImplLollipop
android.support.v4.text.ICUCompatApi23
android.support.v4.text.ICUCompatIcs
android.support.v4.text.TextDirectionHeuristicCompat
android.support.v4.text.TextDirectionHeuristicsCompat
android.support.v4.text.TextDirectionHeuristicsCompat$1
android.support.v4.text.TextDirectionHeuristicsCompat$AnyStrong
android.support.v4.text.TextDirectionHeuristicsCompat$FirstStrong
android.support.v4.text.TextDirectionHeuristicsCompat$TextDirectionAlgorithm
android.support.v4.text.TextDirectionHeuristicsCompat$TextDirectionHeuristicImpl
android.support.v4.text.TextDirectionHeuristicsCompat$TextDirectionHeuristicInternal
android.support.v4.text.TextDirectionHeuristicsCompat$TextDirectionHeuristicLocale
android.support.v4.text.TextUtilsCompat
android.support.v4.text.TextUtilsCompat$1
android.support.v4.text.TextUtilsCompat$TextUtilsCompatImpl
android.support.v4.text.TextUtilsCompat$TextUtilsCompatJellybeanMr1Impl
android.support.v4.text.TextUtilsCompatJellybeanMr1
android.support.v4.text.util.LinkifyCompat
android.support.v4.text.util.LinkifyCompat$1
android.support.v4.text.util.LinkifyCompat$LinkSpec